<?xml version="1.0" encoding="UTF-8"?>
<!-- Generated by org.testng.reporters.JUnitXMLReporter -->
<testsuite hostname="DESKTOP-MP9K177" ignored="0" name="Home Page Search" tests="1" failures="0" timestamp="2021-04-03T14:51:01 IST" time="10.193" errors="0">
  <testcase name="@AfterMethod quitBrowser" time="0.816" classname="basePack.BaseClass">
    <failure type="java.lang.NullPointerException">
      <![CDATA[java.lang.NullPointerException
at basePack.BaseClass.quitBrowser(BaseClass.java:108)
at java.util.ArrayList.forEach(ArrayList.java:1257)
... Removed 32 stack frames]]>
    </failure>
  </testcase> <!-- @AfterMethod quitBrowser -->
  <testcase name="@AfterClass afterClass" time="-1.617441661588E9" classname="basePack.BaseClass">
    <skipped/>
  </testcase> <!-- @AfterClass afterClass -->
  <testcase name="homePageInitiateSearchTest" time="7.628" classname="org.coa.homePage.HomePage_SearchInitiate"/>
</testsuite> <!-- Home Page Search -->
