<?xml version="1.0" encoding="UTF-8"?>
<!-- Generated by org.testng.reporters.JUnitXMLReporter -->
<testsuite hostname="DESKTOP-MP9K177" ignored="0" name="Upload File Using AutoIT" tests="1" failures="1" timestamp="2021-03-21T14:28:18 IST" time="32.428" errors="0">
  <testcase name="nonStopFilterTest" time="16.983" classname="org.coa.listingPage.NonStopFilter">
    <failure type="java.lang.AssertionError" message="did not expect to find [true] but found [false]">
      <![CDATA[java.lang.AssertionError: did not expect to find [true] but found [false]
at org.coa.listingPage.NonStopFilter.nonStopFilterTest(NonStopFilter.java:34)
at java.util.ArrayList.forEach(ArrayList.java:1257)
... Removed 31 stack frames]]>
    </failure>
  </testcase> <!-- nonStopFilterTest -->
</testsuite> <!-- Upload File Using AutoIT -->
