-------------------------------------------------------------------------------
Test set: TestSuite
-------------------------------------------------------------------------------
Tests run: 1, Failures: 1, Errors: 0, Skipped: 0, Time elapsed: 13.966 s <<< FAILURE! - in TestSuite
currency(org.coa.listingPage.CurrencyChange)  Time elapsed: 7.854 s  <<< FAILURE!
java.lang.AssertionError: Listing page is not loaded. did not expect to find [true] but found [false]
	at org.coa.listingPage.CurrencyChange.currency(CurrencyChange.java:22)

