<?xml version="1.0" encoding="UTF-8"?>
<testng-results ignored="0" total="1" passed="1" failed="0" skipped="0">
  <reporter-output>
  </reporter-output>
  <suite started-at="2021-03-14T15:02:27 IST" name="Project Name" finished-at="2021-03-14T15:03:57 IST" duration-ms="90197">
    <groups>
    </groups>
    <test started-at="2021-03-14T15:02:27 IST" name="Upload File Using AutoIT" finished-at="2021-03-14T15:03:57 IST" duration-ms="90197">
      <class name="org.coa.listingPage.NonStopFilter">
        <test-method is-config="true" signature="beforeSuite()[pri:0, instance:org.coa.listingPage.NonStopFilter@77f80c04]" started-at="2021-03-14T15:02:27 IST" name="beforeSuite" finished-at="2021-03-14T15:02:27 IST" duration-ms="26" status="PASS">
          <reporter-output>
          </reporter-output>
        </test-method> <!-- beforeSuite -->
        <test-method is-config="true" signature="beforeClass()[pri:0, instance:org.coa.listingPage.NonStopFilter@77f80c04]" started-at="2021-03-14T15:02:27 IST" name="beforeClass" finished-at="2021-03-14T15:02:27 IST" duration-ms="1" status="PASS">
          <reporter-output>
          </reporter-output>
        </test-method> <!-- beforeClass -->
        <test-method is-config="true" signature="openBrowser(java.lang.String)[pri:0, instance:org.coa.listingPage.NonStopFilter@77f80c04]" started-at="2021-03-14T15:02:27 IST" name="openBrowser" finished-at="2021-03-14T15:03:01 IST" duration-ms="34539" status="PASS">
          <params>
            <param index="0">
              <value>
                <![CDATA[chrome]]>
              </value>
            </param>
          </params>
          <reporter-output>
          </reporter-output>
        </test-method> <!-- openBrowser -->
        <test-method signature="nonStopFilterTest()[pri:0, instance:org.coa.listingPage.NonStopFilter@77f80c04]" started-at="2021-03-14T15:03:01 IST" name="nonStopFilterTest" finished-at="2021-03-14T15:03:56 IST" duration-ms="54190" status="PASS">
          <reporter-output>
          </reporter-output>
        </test-method> <!-- nonStopFilterTest -->
        <test-method is-config="true" signature="quitBrowser(org.testng.ITestResult)[pri:0, instance:org.coa.listingPage.NonStopFilter@77f80c04]" started-at="2021-03-14T15:03:56 IST" name="quitBrowser" finished-at="2021-03-14T15:03:57 IST" duration-ms="1425" status="PASS">
          <params>
            <param index="0">
              <value>
                <![CDATA[[TestResult name=nonStopFilterTest status=SUCCESS method=NonStopFilter.nonStopFilterTest()[pri:0, instance:org.coa.listingPage.NonStopFilter@77f80c04] output={null}]]]>
              </value>
            </param>
          </params>
          <reporter-output>
          </reporter-output>
        </test-method> <!-- quitBrowser -->
      </class> <!-- org.coa.listingPage.NonStopFilter -->
    </test> <!-- Upload File Using AutoIT -->
  </suite> <!-- Project Name -->
</testng-results>
