<?xml version="1.0" encoding="UTF-8"?>
<testsuite xmlns:xsi="http://www.w3.org/2001/XMLSchema-instance" xsi:noNamespaceSchemaLocation="https://maven.apache.org/surefire/maven-surefire-plugin/xsd/surefire-test-report.xsd" name="TestSuite" time="13.966" tests="1" errors="0" skipped="0" failures="1">
  <properties>
[...]
</properties>
  <testcase name="currency" classname="org.coa.listingPage.CurrencyChange" time="7.854">
    <failure message="Listing page is not loaded. did not expect to find [true] but found [false]" type="java.lang.AssertionError">java.lang.AssertionError: Listing page is not loaded. did not expect to find [true] but found [false]
	at org.coa.listingPage.CurrencyChange.currency(CurrencyChange.java:22)
</failure>
    <system-out><![CDATA[chrome
H:\Sel_Projects_v8\Maven_Project_30Dec
flightMatrixCellCount = 0
contractsCount = 2
testMethodName = currency
s is = H:\Sel_Projects_v8\Maven_Project_30Dec\screenshots\currency_20210410_030703.png
]]></system-out>
    <system-err><![CDATA[SLF4J: Failed to load class "org.slf4j.impl.StaticLoggerBinder".
SLF4J: Defaulting to no-operation (NOP) logger implementation
SLF4J: See http://www.slf4j.org/codes.html#StaticLoggerBinder for further details.
Starting ChromeDriver 89.0.4389.23 (61b08ee2c50024bab004e48d2b1b083cdbdac579-refs/branch-heads/4389@{#294}) on port 20736
Only local connections are allowed.
Please see https://chromedriver.chromium.org/security-considerations for suggestions on keeping ChromeDriver safe.
ChromeDriver was started successfully.
Apr 10, 2021 3:06:56 PM org.openqa.selenium.remote.ProtocolHandshake createSession
INFO: Detected dialect: W3C
]]></system-err>
  </testcase>
</testsuite>