<?xml version="1.0" encoding="UTF-8"?>
<testng-results skipped="0" failed="1" ignored="0" total="1" passed="0">
  <reporter-output>
  </reporter-output>
  <suite name="Project Name" duration-ms="32869" started-at="2021-03-14T14:15:26 IST" finished-at="2021-03-14T14:15:59 IST">
    <groups>
    </groups>
    <test name="Upload File Using AutoIT" duration-ms="32869" started-at="2021-03-14T14:15:26 IST" finished-at="2021-03-14T14:15:59 IST">
      <class name="org.coa.listingPage.NonStopFilter">
        <test-method status="PASS" signature="beforeClass()[pri:0, instance:org.coa.listingPage.NonStopFilter@4bbfb90a]" name="beforeClass" is-config="true" duration-ms="10" started-at="2021-03-14T14:15:26 IST" finished-at="2021-03-14T14:15:26 IST">
          <reporter-output>
          </reporter-output>
        </test-method> <!-- beforeClass -->
        <test-method status="PASS" signature="openBrowser(java.lang.String)[pri:0, instance:org.coa.listingPage.NonStopFilter@4bbfb90a]" name="openBrowser" is-config="true" duration-ms="2359" started-at="2021-03-14T14:15:26 IST" finished-at="2021-03-14T14:15:28 IST">
          <params>
            <param index="0">
              <value>
                <![CDATA[chrome]]>
              </value>
            </param>
          </params>
          <reporter-output>
          </reporter-output>
        </test-method> <!-- openBrowser -->
        <test-method status="FAIL" signature="nonStopFilterTest()[pri:0, instance:org.coa.listingPage.NonStopFilter@4bbfb90a]" name="nonStopFilterTest" duration-ms="28201" started-at="2021-03-14T14:15:28 IST" finished-at="2021-03-14T14:15:57 IST">
          <exception class="java.lang.AssertionError">
            <message>
              <![CDATA[did not expect to find [true] but found [false]]]>
            </message>
            <full-stacktrace>
              <![CDATA[java.lang.AssertionError: did not expect to find [true] but found [false]
at org.testng.Assert.fail(Assert.java:97)
at org.testng.Assert.failNotEquals(Assert.java:969)
at org.testng.Assert.assertTrue(Assert.java:43)
at org.testng.Assert.assertTrue(Assert.java:53)
at org.coa.listingPage.NonStopFilter.nonStopFilterTest(NonStopFilter.java:22)
at sun.reflect.NativeMethodAccessorImpl.invoke0(Native Method)
at sun.reflect.NativeMethodAccessorImpl.invoke(NativeMethodAccessorImpl.java:62)
at sun.reflect.DelegatingMethodAccessorImpl.invoke(DelegatingMethodAccessorImpl.java:43)
at java.lang.reflect.Method.invoke(Method.java:498)
at org.testng.internal.MethodInvocationHelper.invokeMethod(MethodInvocationHelper.java:133)
at org.testng.internal.TestInvoker.invokeMethod(TestInvoker.java:584)
at org.testng.internal.TestInvoker.invokeTestMethod(TestInvoker.java:172)
at org.testng.internal.MethodRunner.runInSequence(MethodRunner.java:46)
at org.testng.internal.TestInvoker$MethodInvocationAgent.invoke(TestInvoker.java:804)
at org.testng.internal.TestInvoker.invokeTestMethods(TestInvoker.java:145)
at org.testng.internal.TestMethodWorker.invokeTestMethods(TestMethodWorker.java:146)
at org.testng.internal.TestMethodWorker.run(TestMethodWorker.java:128)
at java.util.ArrayList.forEach(ArrayList.java:1257)
at org.testng.TestRunner.privateRun(TestRunner.java:770)
at org.testng.TestRunner.run(TestRunner.java:591)
at org.testng.SuiteRunner.runTest(SuiteRunner.java:402)
at org.testng.SuiteRunner.runSequentially(SuiteRunner.java:396)
at org.testng.SuiteRunner.privateRun(SuiteRunner.java:355)
at org.testng.SuiteRunner.run(SuiteRunner.java:304)
at org.testng.SuiteRunnerWorker.runSuite(SuiteRunnerWorker.java:53)
at org.testng.SuiteRunnerWorker.run(SuiteRunnerWorker.java:96)
at org.testng.TestNG.runSuitesSequentially(TestNG.java:1180)
at org.testng.TestNG.runSuitesLocally(TestNG.java:1102)
at org.testng.TestNG.runSuites(TestNG.java:1032)
at org.testng.TestNG.run(TestNG.java:1000)
at org.testng.remote.AbstractRemoteTestNG.run(AbstractRemoteTestNG.java:115)
at org.testng.remote.RemoteTestNG.initAndRun(RemoteTestNG.java:251)
at org.testng.remote.RemoteTestNG.main(RemoteTestNG.java:77)
]]>
            </full-stacktrace>
          </exception> <!-- java.lang.AssertionError -->
          <reporter-output>
          </reporter-output>
        </test-method> <!-- nonStopFilterTest -->
        <test-method status="PASS" signature="quitBrowser(org.testng.ITestResult)[pri:0, instance:org.coa.listingPage.NonStopFilter@4bbfb90a]" name="quitBrowser" is-config="true" duration-ms="2264" started-at="2021-03-14T14:15:57 IST" finished-at="2021-03-14T14:15:59 IST">
          <params>
            <param index="0">
              <value>
                <![CDATA[[TestResult name=nonStopFilterTest status=FAILURE method=NonStopFilter.nonStopFilterTest()[pri:0, instance:org.coa.listingPage.NonStopFilter@4bbfb90a] output={null}]]]>
              </value>
            </param>
          </params>
          <reporter-output>
          </reporter-output>
        </test-method> <!-- quitBrowser -->
      </class> <!-- org.coa.listingPage.NonStopFilter -->
    </test> <!-- Upload File Using AutoIT -->
  </suite> <!-- Project Name -->
</testng-results>
